[01:02:04] [ServerMain/INFO]: [bootstrap] Running Java 21 (OpenJDK 64-Bit Server VM 21.0.7+6-LTS; Eclipse Adoptium Temurin-21.0.7+6) on Linux 6.8.0-1027-azure (amd64)
[01:02:04] [ServerMain/INFO]: [bootstrap] Loading Paper 1.21.4-231-ver/1.21.4@09e9afd (2025-05-19T17:59:36Z) for Minecraft 1.21.4
[01:02:05] [ServerMain/INFO]: [PluginInitializerManager] Initializing plugins...
[01:02:05] [ServerMain/INFO]: [PluginInitializerManager] Initialized 0 plugins
[01:02:05] [Paper Plugin Remapper Thread - 1/INFO]: [ReobfServer] Remapping server...
[01:02:20] [ServerMain/INFO]: Environment: Environment[sessionHost=https://sessionserver.mojang.com, servicesHost=https://api.minecraftservices.com, name=PROD]
[01:02:20] [ServerMain/INFO]: Found new data pack file/bukkit, loading it automatically
[01:02:20] [ServerMain/INFO]: Found new data pack paper, loading it automatically
[01:02:21] [Paper Plugin Remapper Thread - 1/INFO]: [ReobfServer] Done remapping server in 16244ms.
[01:02:22] [ServerMain/INFO]: No existing world data, creating new world
[01:02:24] [ServerMain/INFO]: Loaded 1370 recipes
[01:02:24] [ServerMain/INFO]: Loaded 1481 advancements
[01:02:24] [ServerMain/INFO]: [MCTypeRegistry] Initialising converters for DataConverter...
[01:02:24] [ServerMain/INFO]: [MCTypeRegistry] Finished initialising converters for DataConverter in 541.5ms
[01:02:24] [Server thread/INFO]: Starting minecraft server version 1.21.4
[01:02:24] [Server thread/INFO]: Loading properties
[01:02:25] [Server thread/INFO]: This server is running Paper version 1.21.4-231-ver/1.21.4@09e9afd (2025-05-19T17:59:36Z) (Implementing API version 1.21.4-R0.1-SNAPSHOT)
[01:02:25] [Server thread/INFO]: [spark] This server bundles the spark profiler. For more information please visit https://docs.papermc.io/paper/profiling
[01:02:25] [Server thread/INFO]: Server Ping Player Sample Count: 12
[01:02:25] [Server thread/INFO]: Using 4 threads for Netty based IO
[01:02:26] [Server thread/INFO]: [MoonriseCommon] Paper is using 1 worker threads, 1 I/O threads
[01:02:26] [Server thread/INFO]: [ChunkTaskScheduler] Chunk system is using population gen parallelism: true
[01:02:26] [Server thread/INFO]: Default game type: SURVIVAL
[01:02:26] [Server thread/INFO]: Generating keypair
[01:02:27] [Server thread/INFO]: Starting Minecraft server on *:25565
[01:02:27] [Server thread/INFO]: Using epoll channel type
[01:02:27] [Server thread/INFO]: Paper: Using libdeflate (Linux x86_64) compression from Velocity.
[01:02:27] [Server thread/INFO]: Paper: Using OpenSSL 3.x.x (Linux x86_64) cipher from Velocity.
[01:02:27] [Server thread/INFO]: Preparing level "world"
[01:02:42] [Server thread/INFO]: Preparing start region for dimension minecraft:overworld
[01:02:42] [Server thread/INFO]: Preparing spawn area: 2%
[01:02:43] [Server thread/INFO]: Preparing spawn area: 2%
[01:02:43] [Server thread/INFO]: Preparing spawn area: 2%
[01:02:44] [Server thread/INFO]: Preparing spawn area: 2%
[01:02:44] [Server thread/INFO]: Preparing spawn area: 2%
[01:02:45] [Server thread/INFO]: Preparing spawn area: 2%
[01:02:45] [Server thread/INFO]: Preparing spawn area: 2%
[01:02:46] [Server thread/INFO]: Preparing spawn area: 2%
[01:02:47] [Server thread/INFO]: Preparing spawn area: 4%
[01:02:47] [Server thread/INFO]: Preparing spawn area: 8%
[01:02:47] [Server thread/INFO]: Preparing spawn area: 18%
[01:02:48] [Server thread/INFO]: Preparing spawn area: 18%
[01:02:48] [Server thread/INFO]: Preparing spawn area: 18%
[01:02:49] [Server thread/INFO]: Preparing spawn area: 18%
[01:02:50] [Server thread/INFO]: Preparing spawn area: 22%
[01:02:50] [Server thread/INFO]: Preparing spawn area: 40%
[01:02:50] [Server thread/INFO]: Preparing spawn area: 48%
[01:02:51] [Server thread/INFO]: Preparing spawn area: 51%
[01:02:51] [Server thread/INFO]: Preparing spawn area: 51%
[01:02:52] [Server thread/INFO]: Preparing spawn area: 63%
[01:02:52] [Server thread/INFO]: Preparing spawn area: 69%
[01:02:53] [Server thread/INFO]: Preparing spawn area: 69%
[01:02:53] [Server thread/INFO]: Time elapsed: 10927 ms
[01:02:53] [Server thread/INFO]: Preparing start region for dimension minecraft:the_nether
[01:02:53] [Server thread/INFO]: Preparing spawn area: 2%
[01:02:54] [Server thread/INFO]: Preparing spawn area: 2%
[01:02:54] [Server thread/INFO]: Preparing spawn area: 18%
[01:02:55] [Server thread/INFO]: Preparing spawn area: 40%
[01:02:55] [Server thread/INFO]: Preparing spawn area: 59%
[01:02:56] [Server thread/INFO]: Time elapsed: 2345 ms
[01:02:56] [Server thread/INFO]: Preparing start region for dimension minecraft:the_end
[01:02:56] [Server thread/INFO]: Preparing spawn area: 2%
[01:02:56] [Server thread/INFO]: Preparing spawn area: 6%
[01:02:57] [Server thread/INFO]: Preparing spawn area: 51%
[01:02:57] [Server thread/INFO]: Time elapsed: 1036 ms
[01:02:57] [Server thread/INFO]: [spark] Starting background profiler...
[01:02:57] [Server thread/INFO]: Done preparing level "world" (30.409s)
[01:02:57] [Server thread/INFO]: Starting remote control listener
[01:02:57] [Server thread/INFO]: Thread RCON Listener started
[01:02:57] [Server thread/INFO]: RCON running on 0.0.0.0:25575
[01:02:57] [Server thread/INFO]: Running delayed init tasks
[01:02:57] [Server thread/INFO]: Done (54.027s)! For help, type "help"
